[2026-06-27 14:33:05] 20260627_143305_a5b939eb_voice_1782541960290.m4a => Stream map '' matches no streams.
To ignore this, add a trailing '?' to the map.
Failed to set value '0:v:0' for option 'map': Invalid argument
Error parsing options for output file C:\laragon\www\helpdesk/uploads/tickets/BS-202606-008\20260627_143305_a5b939eb_voice_1782541960290_web.mp4.
Error opening output files: Invalid argument

[2026-06-27 16:51:22] 20260627_165122_68c5a564_voice_1782550239344.m4a => Stream map '' matches no streams.
To ignore this, add a trailing '?' to the map.
Failed to set value '0:v:0' for option 'map': Invalid argument
Error parsing options for output file C:\laragon\www\helpdesk/uploads/tickets/BS-202606-008\20260627_165122_68c5a564_voice_1782550239344_web.mp4.
Error opening output files: Invalid argument

[2026-06-28 09:33:55] 20260628_093352_502bce44_voice_1782610403622.m4a => Stream map '' matches no streams.
To ignore this, add a trailing '?' to the map.
Failed to set value '0:v:0' for option 'map': Invalid argument
Error parsing options for output file C:\laragon\www\helpdesk/uploads/tickets/BS-202606-009\20260628_093352_502bce44_voice_1782610403622_web.mp4.
Error opening output files: Invalid argument

[2026-06-28 10:01:22] 20260628_100122_22a9a086_voice_1782612050514.m4a => Stream map '' matches no streams.
To ignore this, add a trailing '?' to the map.
Failed to set value '0:v:0' for option 'map': Invalid argument
Error parsing options for output file C:\laragon\www\helpdesk/uploads/tickets/BS-202606-010\20260628_100122_22a9a086_voice_1782612050514_web.mp4.
Error opening output files: Invalid argument

[2026-06-28 10:39:34] 20260628_103933_bfd3ff72_voice_1782614353797.m4a => Stream map '' matches no streams.
To ignore this, add a trailing '?' to the map.
Failed to set value '0:v:0' for option 'map': Invalid argument
Error parsing options for output file C:\laragon\www\helpdesk/uploads/tickets/BS-202606-001\20260628_103933_bfd3ff72_voice_1782614353797_web.mp4.
Error opening output files: Invalid argument

[2026-06-28 10:39:35] 20260628_103934_4c728991_voice_1782614361763.m4a => Stream map '' matches no streams.
To ignore this, add a trailing '?' to the map.
Failed to set value '0:v:0' for option 'map': Invalid argument
Error parsing options for output file C:\laragon\www\helpdesk/uploads/tickets/BS-202606-001\20260628_103934_4c728991_voice_1782614361763_web.mp4.
Error opening output files: Invalid argument

[2026-06-28 10:40:06] 20260628_104006_e8dc8786_voice_1782614396134.m4a => Stream map '' matches no streams.
To ignore this, add a trailing '?' to the map.
Failed to set value '0:v:0' for option 'map': Invalid argument
Error parsing options for output file C:\laragon\www\helpdesk/uploads/tickets/BS-202606-001\20260628_104006_e8dc8786_voice_1782614396134_web.mp4.
Error opening output files: Invalid argument

[2026-06-28 11:34:11] 20260628_113408_a04dc82d_voice_1782617602011.m4a => Stream map '' matches no streams.
To ignore this, add a trailing '?' to the map.
Failed to set value '0:v:0' for option 'map': Invalid argument
Error parsing options for output file C:\laragon\www\helpdesk/uploads/tickets/BS-202606-001\20260628_113408_a04dc82d_voice_1782617602011_web.mp4.
Error opening output files: Invalid argument

[2026-06-28 11:34:12] 20260628_113411_bd4b1dc8_voice_1782617605444.m4a => Stream map '' matches no streams.
To ignore this, add a trailing '?' to the map.
Failed to set value '0:v:0' for option 'map': Invalid argument
Error parsing options for output file C:\laragon\www\helpdesk/uploads/tickets/BS-202606-001\20260628_113411_bd4b1dc8_voice_1782617605444_web.mp4.
Error opening output files: Invalid argument

[2026-06-28 11:34:21] 20260628_113421_557dc66a_voice_1782617602011.m4a => Stream map '' matches no streams.
To ignore this, add a trailing '?' to the map.
Failed to set value '0:v:0' for option 'map': Invalid argument
Error parsing options for output file C:\laragon\www\helpdesk/uploads/tickets/BS-202606-002\20260628_113421_557dc66a_voice_1782617602011_web.mp4.
Error opening output files: Invalid argument

[2026-06-28 11:34:21] 20260628_113421_67ac94b1_voice_1782617605444.m4a => Stream map '' matches no streams.
To ignore this, add a trailing '?' to the map.
Failed to set value '0:v:0' for option 'map': Invalid argument
Error parsing options for output file C:\laragon\www\helpdesk/uploads/tickets/BS-202606-002\20260628_113421_67ac94b1_voice_1782617605444_web.mp4.
Error opening output files: Invalid argument

[2026-06-28 11:34:58] 20260628_113458_fbd51ca2_voice_1782617685966.m4a => Stream map '' matches no streams.
To ignore this, add a trailing '?' to the map.
Failed to set value '0:v:0' for option 'map': Invalid argument
Error parsing options for output file C:\laragon\www\helpdesk/uploads/tickets/BS-202606-002\20260628_113458_fbd51ca2_voice_1782617685966_web.mp4.
Error opening output files: Invalid argument

[2026-06-28 11:35:40] 20260628_113540_a66b0077_voice_1782617716657.m4a => Stream map '' matches no streams.
To ignore this, add a trailing '?' to the map.
Failed to set value '0:v:0' for option 'map': Invalid argument
Error parsing options for output file C:\laragon\www\helpdesk/uploads/tickets/BS-202606-002\20260628_113540_a66b0077_voice_1782617716657_web.mp4.
Error opening output files: Invalid argument

[2026-06-28 11:35:40] 20260628_113540_e4a4b3d7_voice_1782617720284.m4a => Stream map '' matches no streams.
To ignore this, add a trailing '?' to the map.
Failed to set value '0:v:0' for option 'map': Invalid argument
Error parsing options for output file C:\laragon\www\helpdesk/uploads/tickets/BS-202606-002\20260628_113540_e4a4b3d7_voice_1782617720284_web.mp4.
Error opening output files: Invalid argument

